
> strava-dashboard@0.1.0 build
> next build

▲ Next.js 16.2.4 (Turbopack)
- Environments: .env.local

  Creating an optimized production build ...
✓ Compiled successfully in 4.0s
  Running TypeScript ...
  Finished TypeScript in 3.8s ...
  Collecting page data using 11 workers ...
  Generating static pages using 11 workers (0/21) ...
  Generating static pages using 11 workers (5/21) 
  Generating static pages using 11 workers (10/21) 
  Generating static pages using 11 workers (15/21) 
✓ Generating static pages using 11 workers (21/21) in 417ms
  Finalizing page optimization ...

Route (app)
┌ ○ /
├ ○ /_not-found
├ ○ /activity
├ ƒ /api/activities/detail
├ ƒ /api/activities/gear-names
├ ƒ /api/activities/heatmap
├ ƒ /api/activities/list
├ ƒ /api/activities/overview
├ ƒ /api/activities/peaks
├ ƒ /api/activities/pmc
├ ƒ /api/activities/power-profile
├ ƒ /api/activities/segments
├ ƒ /api/activities/yearly
├ ƒ /api/activities/zones
├ ƒ /api/auth/logout
├ ƒ /api/auth/strava
├ ƒ /api/auth/strava/callback
├ ƒ /api/me
└ ƒ /api/sync


○  (Static)   prerendered as static content
ƒ  (Dynamic)  server-rendered on demand

